2025-12-12 09:30:04.843|INFO |main|c.y.t.s.ServerApplication|55|Starting ServerApplication on jiangxiaoyudeMacBook-Pro.local with PID 13330 (/Users/chao.jiang/Documents/ideaWork/reverse/reverse-server/target/classes started by chao.jiang in /Users/chao.jiang/Documents/ideaWork/reverse)
2025-12-12 09:30:04.862|INFO |main|c.y.t.s.ServerApplication|651|No active profile set, falling back to default profiles: default
2025-12-12 09:30:06.653|INFO |main|o.s.d.r.c.RepositoryConfigurationDelegate|249|Multiple Spring Data modules found, entering strict repository configuration mode!
2025-12-12 09:30:06.659|INFO |main|o.s.d.r.c.RepositoryConfigurationDelegate|127|Bootstrapping Spring Data Redis repositories in DEFAULT mode.
2025-12-12 09:30:06.705|INFO |main|o.s.d.r.c.RepositoryConfigurationDelegate|187|Finished Spring Data repository scanning in 27ms. Found 0 Redis repository interfaces.
2025-12-12 09:30:08.119|INFO |main|o.s.b.w.e.t.TomcatWebServer|108|Tomcat initialized with port(s): 8081 (http)
2025-12-12 09:30:08.132|INFO |main|o.a.c.h.Http11NioProtocol|173|Initializing ProtocolHandler ["http-nio-8081"]
2025-12-12 09:30:08.132|INFO |main|o.a.c.c.StandardService|173|Starting service [Tomcat]
2025-12-12 09:30:08.133|INFO |main|o.a.c.c.StandardEngine|173|Starting Servlet engine: [Apache Tomcat/9.0.35]
2025-12-12 09:30:08.268|INFO |main|o.a.c.c.C.[.[.[/texasDemo]|173|Initializing Spring embedded WebApplicationContext
2025-12-12 09:30:08.268|INFO |main|o.s.w.c.ContextLoader|284|Root WebApplicationContext: initialization completed in 3279 ms
2025-12-12 09:30:10.123|INFO |main|o.s.b.f.a.AutowiredAnnotationBeanPostProcessor|496|Autowired annotation is not supported on static methods: public static void com.yulink.texas.server.common.utils.SpringUtil.setContext(org.springframework.context.ApplicationContext)
2025-12-12 09:30:10.601|INFO |main|o.s.s.c.ThreadPoolTaskExecutor|181|Initializing ExecutorService 'applicationTaskExecutor'
2025-12-12 09:30:11.717|INFO |main|o.s.b.a.e.w.EndpointLinksResolver|58|Exposing 4 endpoint(s) beneath base path ''
2025-12-12 09:30:11.817|INFO |main|o.a.c.h.Http11NioProtocol|173|Starting ProtocolHandler ["http-nio-8081"]
2025-12-12 09:30:11.862|INFO |main|o.s.b.w.e.t.TomcatWebServer|220|Tomcat started on port(s): 8081 (http) with context path '/texasDemo'
2025-12-12 09:30:11.893|INFO |main|c.y.t.s.ServerApplication|61|Started ServerApplication in 7.797 seconds (JVM running for 10.108)
2025-12-12 09:30:11.962|INFO |main|c.z.h.HikariDataSource|110|HikariPool-1 - Starting...
2025-12-12 09:30:12.261|INFO |main|c.z.h.HikariDataSource|123|HikariPool-1 - Start completed.
2025-12-12 09:30:13.541|INFO |RMI TCP Connection(3)-192.168.1.6|o.a.c.c.C.[.[.[/texasDemo]|173|Initializing Spring DispatcherServlet 'dispatcherServlet'
2025-12-12 09:30:13.547|INFO |RMI TCP Connection(3)-192.168.1.6|o.s.w.s.DispatcherServlet|525|Initializing Servlet 'dispatcherServlet'
2025-12-12 09:30:13.692|INFO |RMI TCP Connection(3)-192.168.1.6|o.s.w.s.DispatcherServlet|547|Completed initialization in 145 ms
2025-12-12 09:30:18.717|INFO |SpringContextShutdownHook|o.s.s.c.ThreadPoolTaskExecutor|218|Shutting down ExecutorService 'applicationTaskExecutor'
2025-12-12 09:30:18.725|INFO |SpringContextShutdownHook|c.z.h.HikariDataSource|350|HikariPool-1 - Shutdown initiated...
2025-12-12 09:30:18.779|INFO |SpringContextShutdownHook|c.z.h.HikariDataSource|352|HikariPool-1 - Shutdown completed.
